<?xml version="1.0" encoding="UTF-8"?>
<testng-results skipped="0" failed="0" total="1" passed="1">
  <reporter-output>
  </reporter-output>
  <suite name="Default suite" duration-ms="78" started-at="2015-02-24T12:46:44Z" finished-at="2015-02-24T12:46:44Z">
    <groups>
    </groups>
    <test name="Default test" duration-ms="78" started-at="2015-02-24T12:46:44Z" finished-at="2015-02-24T12:46:44Z">
      <class name="testng.tutorial.FirstTest">
        <test-method status="PASS" signature="f()[pri:0, instance:testng.tutorial.FirstTest@789144]" name="f" duration-ms="45" started-at="2015-02-24T18:16:44Z" finished-at="2015-02-24T18:16:44Z">
          <reporter-output>
          </reporter-output>
        </test-method> <!-- f -->
      </class> <!-- testng.tutorial.FirstTest -->
    </test> <!-- Default test -->
  </suite> <!-- Default suite -->
</testng-results>
